# JRE version: OpenJDK Runtime Environment Microsoft-8297089 (17.0.8.1+1) (build 17.0.8.1+1-LTS)
# Java VM: OpenJDK 64-Bit Server VM Microsoft-8297089 (17.0.8.1+1-LTS, mixed mode, sharing, tiered, compressed oops, compressed class ptrs, g1 gc, windows-amd64)
GC Precious Log:
 CPUs: 4 total, 4 available
 Memory: 7958M
 Large Page Support: Disabled
 NUMA Support: Disabled
 Compressed Oops: Enabled (32-bit)
 Heap Region Size: 1M
 Heap Min Capacity: 8M
 Heap Initial Capacity: 126M
 Heap Max Capacity: 2G
 Pre-touch: Disabled
 Parallel Workers: 4
 Concurrent Workers: 1
 Concurrent Refinement Workers: 4
 Periodic GC: Disabled
Heap:
 garbage-first heap   total 272384K, used 168288K [0x0000000080000000, 0x0000000100000000)
  region size 1024K, 14 young (14336K), 7 survivors (7168K)
 Metaspace       used 100451K, committed 101440K, reserved 557056K
  class space    used 13682K, committed 14144K, reserved 425984K
GC Heap History (20 events):
Event: 64.337 GC heap before
{Heap before GC invocations=35 (full 0):
 garbage-first heap   total 142336K, used 81995K [0x0000000080000000, 0x0000000100000000)
  region size 1024K, 6 young (6144K), 2 survivors (2048K)
 Metaspace       used 71008K, committed 71680K, reserved 491520K
  class space    used 9683K, committed 9984K, reserved 425984K
}
Event: 64.343 GC heap after
{Heap after GC invocations=36 (full 0):
 garbage-first heap   total 142336K, used 77719K [0x0000000080000000, 0x0000000100000000)
  region size 1024K, 1 young (1024K), 1 survivors (1024K)
 Metaspace       used 71008K, committed 71680K, reserved 491520K
  class space    used 9683K, committed 9984K, reserved 425984K
}
Event: 64.890 GC heap before
{Heap before GC invocations=36 (full 0):
 garbage-first heap   total 142336K, used 95127K [0x0000000080000000, 0x0000000100000000)
  region size 1024K, 19 young (19456K), 1 survivors (1024K)
 Metaspace       used 72765K, committed 73472K, reserved 491520K
  class space    used 9891K, committed 10240K, reserved 425984K
}
Event: 64.895 GC heap after
{Heap after GC invocations=37 (full 0):
 garbage-first heap   total 142336K, used 78895K [0x0000000080000000, 0x0000000100000000)
  region size 1024K, 2 young (2048K), 2 survivors (2048K)
 Metaspace       used 72765K, committed 73472K, reserved 491520K
  class space    used 9891K, committed 10240K, reserved 425984K
}
Event: 65.996 GC heap before
{Heap before GC invocations=38 (full 0):
 garbage-first heap   total 142336K, used 107567K [0x0000000080000000, 0x0000000100000000)
  region size 1024K, 33 young (33792K), 2 survivors (2048K)
 Metaspace       used 73940K, committed 74560K, reserved 491520K
  class space    used 10084K, committed 10368K, reserved 425984K
}
Event: 66.006 GC heap after
{Heap after GC invocations=39 (full 0):
 garbage-first heap   total 142336K, used 76981K [0x0000000080000000, 0x0000000100000000)
  region size 1024K, 4 young (4096K), 4 survivors (4096K)
 Metaspace       used 73940K, committed 74560K, reserved 491520K
  class space    used 10084K, committed 10368K, reserved 425984K
}
Event: 66.063 GC heap before
{Heap before GC invocations=39 (full 0):
 garbage-first heap   total 142336K, used 79029K [0x0000000080000000, 0x0000000100000000)
  region size 1024K, 6 young (6144K), 4 survivors (4096K)
 Metaspace       used 73944K, committed 74560K, reserved 491520K
  class space    used 10084K, committed 10368K, reserved 425984K
}
Event: 66.077 GC heap after
{Heap after GC invocations=40 (full 0):
 garbage-first heap   total 272384K, used 77045K [0x0000000080000000, 0x0000000100000000)
  region size 1024K, 1 young (1024K), 1 survivors (1024K)
 Metaspace       used 73944K, committed 74560K, reserved 491520K
  class space    used 10084K, committed 10368K, reserved 425984K
}
Event: 143.994 GC heap before
{Heap before GC invocations=40 (full 0):
 garbage-first heap   total 272384K, used 187637K [0x0000000080000000, 0x0000000100000000)
  region size 1024K, 109 young (111616K), 1 survivors (1024K)
 Metaspace       used 82020K, committed 82816K, reserved 557056K
  class space    used 11365K, committed 11776K, reserved 425984K
}
Event: 144.047 GC heap after
{Heap after GC invocations=41 (full 0):
 garbage-first heap   total 272384K, used 86244K [0x0000000080000000, 0x0000000100000000)
  region size 1024K, 10 young (10240K), 10 survivors (10240K)
 Metaspace       used 82020K, committed 82816K, reserved 557056K
  class space    used 11365K, committed 11776K, reserved 425984K
}
Event: 151.039 GC heap before
{Heap before GC invocations=41 (full 0):
 garbage-first heap   total 272384K, used 212196K [0x0000000080000000, 0x0000000100000000)
  region size 1024K, 118 young (120832K), 10 survivors (10240K)
 Metaspace       used 87677K, committed 88576K, reserved 557056K
  class space    used 12108K, committed 12544K, reserved 425984K
}
Event: 151.166 GC heap after
{Heap after GC invocations=42 (full 0):
 garbage-first heap   total 272384K, used 119390K [0x0000000080000000, 0x0000000100000000)
  region size 1024K, 15 young (15360K), 15 survivors (15360K)
 Metaspace       used 87677K, committed 88576K, reserved 557056K
  class space    used 12108K, committed 12544K, reserved 425984K
}
Event: 158.133 GC heap before
{Heap before GC invocations=42 (full 0):
 garbage-first heap   total 272384K, used 206430K [0x0000000080000000, 0x0000000100000000)
  region size 1024K, 99 young (101376K), 15 survivors (15360K)
 Metaspace       used 92144K, committed 93120K, reserved 557056K
  class space    used 12747K, committed 13184K, reserved 425984K
}
Event: 158.245 GC heap after
{Heap after GC invocations=43 (full 0):
 garbage-first heap   total 272384K, used 135132K [0x0000000080000000, 0x0000000100000000)
  region size 1024K, 13 young (13312K), 13 survivors (13312K)
 Metaspace       used 92144K, committed 93120K, reserved 557056K
  class space    used 12747K, committed 13184K, reserved 425984K
}
Event: 167.257 GC heap before
{Heap before GC invocations=43 (full 0):
 garbage-first heap   total 272384K, used 210908K [0x0000000080000000, 0x0000000100000000)
  region size 1024K, 87 young (89088K), 13 survivors (13312K)
 Metaspace       used 95829K, committed 96768K, reserved 557056K
  class space    used 13167K, committed 13568K, reserved 425984K
}
Event: 167.354 GC heap after
{Heap after GC invocations=44 (full 0):
 garbage-first heap   total 272384K, used 144896K [0x0000000080000000, 0x0000000100000000)
  region size 1024K, 11 young (11264K), 11 survivors (11264K)
 Metaspace       used 95829K, committed 96768K, reserved 557056K
  class space    used 13167K, committed 13568K, reserved 425984K
}
Event: 174.273 GC heap before
{Heap before GC invocations=44 (full 0):
 garbage-first heap   total 272384K, used 212480K [0x0000000080000000, 0x0000000100000000)
  region size 1024K, 78 young (79872K), 11 survivors (11264K)
 Metaspace       used 99693K, committed 100608K, reserved 557056K
  class space    used 13578K, committed 14016K, reserved 425984K
}
Event: 174.358 GC heap after
{Heap after GC invocations=45 (full 0):
 garbage-first heap   total 272384K, used 155136K [0x0000000080000000, 0x0000000100000000)
  region size 1024K, 9 young (9216K), 9 survivors (9216K)
 Metaspace       used 99693K, committed 100608K, reserved 557056K
  class space    used 13578K, committed 14016K, reserved 425984K
}
Event: 179.290 GC heap before
{Heap before GC invocations=45 (full 0):
 garbage-first heap   total 272384K, used 216576K [0x0000000080000000, 0x0000000100000000)
  region size 1024K, 70 young (71680K), 9 survivors (9216K)
 Metaspace       used 100451K, committed 101440K, reserved 557056K
  class space    used 13682K, committed 14144K, reserved 425984K
}
Event: 179.363 GC heap after
{Heap after GC invocations=46 (full 0):
 garbage-first heap   total 272384K, used 162144K [0x0000000080000000, 0x0000000100000000)
  region size 1024K, 7 young (7168K), 7 survivors (7168K)
 Metaspace       used 100451K, committed 101440K, reserved 557056K
  class space    used 13682K, committed 14144K, reserved 425984K
}

